Arguments: 
  C:\Program Files\nodejs\node.exe C:\Users\MSI\AppData\Roaming\npm\node_modules\yarn\bin\yarn.js add dumi-theme-antd

PATH: 
  C:\Program Files\Common Files\Oracle\Java\javapath;C:\Windows\system32;C:\Windows;C:\Windows\System32\Wbem;C:\Windows\System32\WindowsPowerShell\v1.0\;C:\Windows\System32\OpenSSH\;C:\Program Files\Git\cmd;C:\Users\MSI\AppData\Roaming\npm;C:\Program Files (x86)\NetSarang\Xmanager 7\;C:\Program Files (x86)\NetSarang\Xshell 7\;C:\Program Files (x86)\NetSarang\Xftp 7\;C:\Program Files (x86)\NetSarang\Xlpd 7\;C:\Program Files (x86)\ZeroTier\One\;C:\Program Files\Java\jdk-11.0.17\bin;C:\Users\MSI\AppData\Local\Programs\Python\Python311;C:\Program Files\Microsoft SQL Server\130\Tools\Binn\;D:\Program Files\nvm;C:\Program Files\nodejs;C:\Users\MSI\AppData\Local\Programs\Python\Python311;%PNPM_HOME%;C:\Users\MSI\AppData\Local\Microsoft\WindowsApps;C:\Users\MSI\AppData\Local\Programs\Microsoft VS Code\bin;C:\Program Files\JetBrains\WebStorm 2022.2\bin;;C:\Program Files\Java\jdk-11.0.17\bin;D:\Program Files\JetBrains\IntelliJ IDEA 2022.3.1\bin;;C:\Users\MSI\AppData\Roaming\npm;D:\Program Files\nvm;C:\Program Files\nodejs;D:\project\文档类\doc-2023\node_modules\.bin

Yarn version: 
  1.22.19

Node version: 
  18.14.0

Platform: 
  win32 x64

Trace: 
  Error: ENOENT: no such file or directory, copyfile 'C:\Users\MSI\AppData\Local\Yarn\Cache\v6\npm-get-stream-6.0.1-a262d8eef67aced57c2852ad6167526a43cbf7b7-integrity\node_modules\get-stream\buffer-stream.js' -> 'D:\project\文档类\doc-2023\node_modules\lint-staged\node_modules\get-stream\buffer-stream.js'

npm manifest: 
  {
    "name": "doc-2023",
    "version": "0.0.1",
    "description": "我的个人文档",
    "scripts": {
      "start": "npm run dev",
      "dev": "dumi dev",
      "build": "dumi build",
      "prepare": "husky install && dumi setup"
    },
    "authors": [
      "2185698249@qq.com"
    ],
    "license": "MIT",
    "commitlint": {
      "extends": [
        "@commitlint/config-conventional"
      ]
    },
    "lint-staged": {
      "*.{md,json}": [
        "prettier --write --no-error-on-unmatched-pattern"
      ]
    },
    "devDependencies": {
      "@commitlint/cli": "^17.1.2",
      "@commitlint/config-conventional": "^17.1.0",
      "dumi": "^2.0.2",
      "husky": "^8.0.1",
      "lint-staged": "^13.0.3",
      "prettier": "^2.7.1"
    }
  }

yarn manifest: 
  No manifest

Lockfile: 
  No lockfile
